2025-08-27 16:03:27,434 - INFO - 🚀 启动广告数据ETL任务
2025-08-27 16:03:27,434 - INFO - 📅 目标日期: 2025-08-26
2025-08-27 16:03:27,434 - INFO - 🔄 回滚天数: 7
2025-08-27 16:03:27,434 - INFO - 🧪 测试模式，跳过实际ETL执行
2025-08-27 16:03:27,435 - INFO - ✅ 测试完成
2025-08-27 16:03:32,284 - INFO - 🚀 启动广告数据ETL任务
2025-08-27 16:03:32,284 - INFO - 📅 目标日期: 2025-08-27
2025-08-27 16:03:32,284 - INFO - 🔄 回滚天数: 7
2025-08-27 16:03:32,284 - INFO - 🔄 开始处理日级聚合: 2025-08-27 (回滚7天)
2025-08-27 16:03:32,284 - INFO - 📅 重算日期范围: 2025-08-21 至 2025-08-27
2025-08-27 16:03:32,543 - INFO - 🗑️ 删除旧数据: 0 行
2025-08-27 16:03:32,544 - INFO - 📊 开始从源表聚合数据...
2025-08-27 16:03:58,865 - INFO - 📊 聚合完成: 44 条记录
2025-08-27 16:03:58,883 - INFO - 📥 已插入 44 / 44 条记录
2025-08-27 16:03:58,884 - INFO - ✅ 聚合数据插入完成: 44 条记录
2025-08-27 16:03:58,885 - INFO - 📊 数据验证 - 总行数: 44, 总请求: 2077996, 总回调: 222, 日期范围: 2025-08-21 ~ 2025-08-27
2025-08-27 16:03:58,885 - INFO - 🔐 数据库连接已关闭
2025-08-27 16:03:58,885 - INFO - 🎉 ETL任务执行成功!
2025-08-27 17:45:06,996 - INFO - 🚀 启动广告数据ETL任务
2025-08-27 17:45:06,997 - INFO - 📅 目标日期: 2025-08-26
2025-08-27 17:45:06,997 - INFO - 🔄 回滚天数: 7
2025-08-27 17:45:06,997 - INFO - 🔄 开始处理日级聚合: 2025-08-26 (回滚7天)
2025-08-27 17:45:07,001 - INFO - 📅 重算日期范围: 2025-08-20 至 2025-08-26
2025-08-27 17:45:07,283 - INFO - 🗑️ 删除旧数据: 0 行
2025-08-27 17:45:07,283 - INFO - 📊 开始从源表聚合数据...
2025-08-27 17:45:26,339 - INFO - 📊 聚合完成: 48 条记录
2025-08-27 17:45:26,372 - INFO - 📥 已插入 48 / 48 条记录
2025-08-27 17:45:26,374 - INFO - ✅ 聚合数据插入完成: 48 条记录
2025-08-27 17:45:26,384 - INFO - 📊 数据验证 - 总行数: 48, 总请求: 124837, 总回调: 183, 日期范围: 2025-08-21 ~ 2025-08-26
2025-08-27 17:45:26,385 - INFO - 🔐 数据库连接已关闭
2025-08-27 17:45:26,385 - INFO - 🎉 ETL任务执行成功!
